<?xml version="1.0" ?>
<!DOCTYPE coverage SYSTEM "http://cobertura.sourceforge.net/xml/coverage-04.dtd">
<coverage lines-valid="322"  lines-covered="105"  line-rate="0.3261"  branches-valid="126"  branches-covered="4"  branch-rate="0.0317"  timestamp="1526634306365" complexity="0" version="0.1">
<sources>
	<source>/home/vickywang/Blockchain/Hyperledger1.1.0/fabric-sdk-node</source>
</sources>
<packages>
	<package name="lib"  line-rate="0.3261"  branch-rate="0.0317" >
	<classes>
		<class name="Config.js"  filename="fabric-client/lib/Config.js"  line-rate="0.1143"  branch-rate="0" >
		<methods>
			<method name="(anonymous_1)"  hits="0"  signature="()V" >
				<lines><line number="28"  hits="0" /></lines>
			</method>
			<method name="(anonymous_2)"  hits="0"  signature="()V" >
				<lines><line number="43"  hits="0" /></lines>
			</method>
			<method name="(anonymous_3)"  hits="0"  signature="()V" >
				<lines><line number="57"  hits="0" /></lines>
			</method>
			<method name="(anonymous_4)"  hits="0"  signature="()V" >
				<lines><line number="81"  hits="0" /></lines>
			</method>
			<method name="(anonymous_5)"  hits="0"  signature="()V" >
				<lines><line number="93"  hits="0" /></lines>
			</method>
			<method name="(anonymous_6)"  hits="0"  signature="()V" >
				<lines><line number="113"  hits="0" /></lines>
			</method>
		</methods>
		<lines>
			<line number="19"  hits="1"  branch="false" />
			<line number="20"  hits="1"  branch="false" />
			<line number="26"  hits="1"  branch="false" />
			<line number="29"  hits="0"  branch="false" />
			<line number="30"  hits="0"  branch="false" />
			<line number="31"  hits="0"  branch="false" />
			<line number="32"  hits="0"  branch="false" />
			<line number="33"  hits="0"  branch="false" />
			<line number="34"  hits="0"  branch="false" />
			<line number="36"  hits="0"  branch="false" />
			<line number="44"  hits="0"  branch="false" />
			<line number="45"  hits="0"  branch="false" />
			<line number="46"  hits="0"  branch="false" />
			<line number="47"  hits="0"  branch="false" />
			<line number="48"  hits="0"  branch="false" />
			<line number="59"  hits="0"  branch="false" />
			<line number="60"  hits="0"  branch="false" />
			<line number="63"  hits="0"  branch="true"  condition-coverage="0% (0/2)" />
			<line number="65"  hits="0"  branch="false" />
			<line number="68"  hits="0"  branch="false" />
			<line number="72"  hits="0"  branch="false" />
			<line number="73"  hits="0"  branch="false" />
			<line number="74"  hits="0"  branch="false" />
			<line number="82"  hits="0"  branch="true"  condition-coverage="0% (0/2)" />
			<line number="83"  hits="0"  branch="false" />
			<line number="86"  hits="0"  branch="false" />
			<line number="94"  hits="0"  branch="false" />
			<line number="96"  hits="0"  branch="false" />
			<line number="97"  hits="0"  branch="false" />
			<line number="100"  hits="0"  branch="false" />
			<line number="103"  hits="0"  branch="true"  condition-coverage="0% (0/4)" />
			<line number="104"  hits="0"  branch="false" />
			<line number="107"  hits="0"  branch="false" />
			<line number="114"  hits="0"  branch="false" />
			<line number="119"  hits="1"  branch="false" />
		</lines>
		</class>
		<class name="hash.js"  filename="fabric-client/lib/hash.js"  line-rate="1"  branch-rate="1" >
		<methods>
			<method name="(anonymous_1)"  hits="6"  signature="()V" >
				<lines><line number="26"  hits="6" /></lines>
			</method>
			<method name="(anonymous_2)"  hits="6"  signature="()V" >
				<lines><line number="30"  hits="6" /></lines>
			</method>
			<method name="(anonymous_3)"  hits="18"  signature="()V" >
				<lines><line number="33"  hits="18" /></lines>
			</method>
			<method name="(anonymous_4)"  hits="6"  signature="()V" >
				<lines><line number="36"  hits="6" /></lines>
			</method>
			<method name="(anonymous_5)"  hits="0"  signature="()V" >
				<lines><line number="41"  hits="0" /></lines>
			</method>
			<method name="(anonymous_6)"  hits="2"  signature="()V" >
				<lines><line number="45"  hits="2" /></lines>
			</method>
			<method name="(anonymous_7)"  hits="6"  signature="()V" >
				<lines><line number="49"  hits="6" /></lines>
			</method>
			<method name="(anonymous_8)"  hits="2"  signature="()V" >
				<lines><line number="53"  hits="2" /></lines>
			</method>
			<method name="(anonymous_9)"  hits="2"  signature="()V" >
				<lines><line number="60"  hits="2" /></lines>
			</method>
			<method name="(anonymous_10)"  hits="6"  signature="()V" >
				<lines><line number="64"  hits="6" /></lines>
			</method>
			<method name="(anonymous_11)"  hits="2"  signature="()V" >
				<lines><line number="68"  hits="2" /></lines>
			</method>
			<method name="(anonymous_12)"  hits="1"  signature="()V" >
				<lines><line number="75"  hits="1" /></lines>
			</method>
			<method name="(anonymous_13)"  hits="1"  signature="()V" >
				<lines><line number="78"  hits="1" /></lines>
			</method>
			<method name="(anonymous_14)"  hits="3"  signature="()V" >
				<lines><line number="82"  hits="3" /></lines>
			</method>
			<method name="(anonymous_15)"  hits="1"  signature="()V" >
				<lines><line number="86"  hits="1" /></lines>
			</method>
			<method name="(anonymous_16)"  hits="1"  signature="()V" >
				<lines><line number="94"  hits="1" /></lines>
			</method>
			<method name="(anonymous_17)"  hits="1"  signature="()V" >
				<lines><line number="97"  hits="1" /></lines>
			</method>
			<method name="(anonymous_18)"  hits="3"  signature="()V" >
				<lines><line number="101"  hits="3" /></lines>
			</method>
			<method name="(anonymous_19)"  hits="1"  signature="()V" >
				<lines><line number="105"  hits="1" /></lines>
			</method>
		</methods>
		<lines>
			<line number="20"  hits="1"  branch="false" />
			<line number="21"  hits="1"  branch="false" />
			<line number="22"  hits="1"  branch="false" />
			<line number="23"  hits="1"  branch="false" />
			<line number="27"  hits="6"  branch="false" />
			<line number="31"  hits="6"  branch="false" />
			<line number="34"  hits="18"  branch="false" />
			<line number="37"  hits="6"  branch="false" />
			<line number="38"  hits="6"  branch="false" />
			<line number="39"  hits="6"  branch="false" />
			<line number="46"  hits="2"  branch="false" />
			<line number="47"  hits="2"  branch="false" />
			<line number="50"  hits="6"  branch="false" />
			<line number="51"  hits="6"  branch="false" />
			<line number="54"  hits="2"  branch="false" />
			<line number="55"  hits="2"  branch="false" />
			<line number="56"  hits="2"  branch="false" />
			<line number="61"  hits="2"  branch="false" />
			<line number="62"  hits="2"  branch="false" />
			<line number="65"  hits="6"  branch="false" />
			<line number="66"  hits="6"  branch="false" />
			<line number="69"  hits="2"  branch="false" />
			<line number="70"  hits="2"  branch="false" />
			<line number="71"  hits="2"  branch="false" />
			<line number="76"  hits="1"  branch="false" />
			<line number="79"  hits="1"  branch="false" />
			<line number="80"  hits="1"  branch="false" />
			<line number="83"  hits="3"  branch="false" />
			<line number="84"  hits="3"  branch="false" />
			<line number="87"  hits="1"  branch="false" />
			<line number="88"  hits="1"  branch="false" />
			<line number="89"  hits="1"  branch="false" />
			<line number="95"  hits="1"  branch="false" />
			<line number="98"  hits="1"  branch="false" />
			<line number="99"  hits="1"  branch="false" />
			<line number="102"  hits="3"  branch="false" />
			<line number="103"  hits="3"  branch="false" />
			<line number="106"  hits="1"  branch="false" />
			<line number="107"  hits="1"  branch="false" />
			<line number="108"  hits="1"  branch="false" />
			<line number="112"  hits="1"  branch="false" />
			<line number="113"  hits="1"  branch="false" />
			<line number="114"  hits="1"  branch="false" />
			<line number="115"  hits="1"  branch="false" />
			<line number="116"  hits="1"  branch="false" />
			<line number="117"  hits="1"  branch="false" />
			<line number="119"  hits="1"  branch="false" />
			<line number="120"  hits="1"  branch="false" />
			<line number="121"  hits="1"  branch="false" />
			<line number="123"  hits="1"  branch="false" />
			<line number="124"  hits="1"  branch="false" />
		</lines>
		</class>
		<class name="utils.js"  filename="fabric-client/lib/utils.js"  line-rate="0.2119"  branch-rate="0.0339" >
		<methods>
			<method name="(anonymous_1)"  hits="0"  signature="()V" >
				<lines><line number="45"  hits="0" /></lines>
			</method>
			<method name="(anonymous_2)"  hits="0"  signature="()V" >
				<lines><line number="95"  hits="0" /></lines>
			</method>
			<method name="(anonymous_3)"  hits="1"  signature="()V" >
				<lines><line number="121"  hits="1" /></lines>
			</method>
			<method name="(anonymous_4)"  hits="0"  signature="()V" >
				<lines><line number="122"  hits="0" /></lines>
			</method>
			<method name="(anonymous_5)"  hits="0"  signature="()V" >
				<lines><line number="132"  hits="0" /></lines>
			</method>
			<method name="(anonymous_6)"  hits="1"  signature="()V" >
				<lines><line number="140"  hits="1" /></lines>
			</method>
			<method name="(anonymous_7)"  hits="4"  signature="()V" >
				<lines><line number="143"  hits="4" /></lines>
			</method>
			<method name="(anonymous_8)"  hits="4"  signature="()V" >
				<lines><line number="146"  hits="4" /></lines>
			</method>
			<method name="(anonymous_9)"  hits="6"  signature="()V" >
				<lines><line number="147"  hits="6" /></lines>
			</method>
			<method name="(anonymous_10)"  hits="0"  signature="()V" >
				<lines><line number="231"  hits="0" /></lines>
			</method>
			<method name="(anonymous_11)"  hits="0"  signature="()V" >
				<lines><line number="239"  hits="0" /></lines>
			</method>
			<method name="(anonymous_12)"  hits="0"  signature="()V" >
				<lines><line number="247"  hits="0" /></lines>
			</method>
			<method name="(anonymous_13)"  hits="0"  signature="()V" >
				<lines><line number="255"  hits="0" /></lines>
			</method>
			<method name="(anonymous_14)"  hits="0"  signature="()V" >
				<lines><line number="275"  hits="0" /></lines>
			</method>
			<method name="(anonymous_15)"  hits="0"  signature="()V" >
				<lines><line number="288"  hits="0" /></lines>
			</method>
			<method name="(anonymous_16)"  hits="0"  signature="()V" >
				<lines><line number="295"  hits="0" /></lines>
			</method>
			<method name="(anonymous_17)"  hits="0"  signature="()V" >
				<lines><line number="308"  hits="0" /></lines>
			</method>
			<method name="(anonymous_18)"  hits="0"  signature="()V" >
				<lines><line number="327"  hits="0" /></lines>
			</method>
			<method name="(anonymous_19)"  hits="0"  signature="()V" >
				<lines><line number="343"  hits="0" /></lines>
			</method>
			<method name="(anonymous_20)"  hits="0"  signature="()V" >
				<lines><line number="348"  hits="0" /></lines>
			</method>
			<method name="(anonymous_21)"  hits="0"  signature="()V" >
				<lines><line number="359"  hits="0" /></lines>
			</method>
			<method name="(anonymous_22)"  hits="0"  signature="()V" >
				<lines><line number="374"  hits="0" /></lines>
			</method>
			<method name="(anonymous_23)"  hits="0"  signature="()V" >
				<lines><line number="378"  hits="0" /></lines>
			</method>
			<method name="(anonymous_24)"  hits="0"  signature="()V" >
				<lines><line number="384"  hits="0" /></lines>
			</method>
			<method name="(anonymous_25)"  hits="0"  signature="()V" >
				<lines><line number="396"  hits="0" /></lines>
			</method>
			<method name="(anonymous_26)"  hits="0"  signature="()V" >
				<lines><line number="397"  hits="0" /></lines>
			</method>
			<method name="(anonymous_27)"  hits="0"  signature="()V" >
				<lines><line number="398"  hits="0" /></lines>
			</method>
			<method name="(anonymous_28)"  hits="0"  signature="()V" >
				<lines><line number="408"  hits="0" /></lines>
			</method>
			<method name="(anonymous_29)"  hits="0"  signature="()V" >
				<lines><line number="412"  hits="0" /></lines>
			</method>
			<method name="(anonymous_30)"  hits="0"  signature="()V" >
				<lines><line number="447"  hits="0" /></lines>
			</method>
			<method name="(anonymous_31)"  hits="0"  signature="()V" >
				<lines><line number="472"  hits="0" /></lines>
			</method>
			<method name="(anonymous_32)"  hits="0"  signature="()V" >
				<lines><line number="487"  hits="0" /></lines>
			</method>
			<method name="(anonymous_33)"  hits="0"  signature="()V" >
				<lines><line number="506"  hits="0" /></lines>
			</method>
			<method name="(anonymous_34)"  hits="0"  signature="()V" >
				<lines><line number="531"  hits="0" /></lines>
			</method>
			<method name="(anonymous_35)"  hits="0"  signature="()V" >
				<lines><line number="557"  hits="0" /></lines>
			</method>
		</methods>
		<lines>
			<line number="19"  hits="1"  branch="false" />
			<line number="20"  hits="1"  branch="false" />
			<line number="21"  hits="1"  branch="false" />
			<line number="22"  hits="1"  branch="false" />
			<line number="23"  hits="1"  branch="false" />
			<line number="24"  hits="1"  branch="false" />
			<line number="25"  hits="1"  branch="false" />
			<line number="27"  hits="1"  branch="false" />
			<line number="28"  hits="1"  branch="false" />
			<line number="45"  hits="1"  branch="false" />
			<line number="46"  hits="0"  branch="false" />
			<line number="48"  hits="0"  branch="false" />
			<line number="49"  hits="0"  branch="true"  condition-coverage="0% (0/4)" />
			<line number="50"  hits="0"  branch="false" />
			<line number="52"  hits="0"  branch="false" />
			<line number="55"  hits="0"  branch="true"  condition-coverage="0% (0/2)" />
			<line number="64"  hits="0"  branch="true"  condition-coverage="0% (0/6)" />
			<line number="65"  hits="0"  branch="false" />
			<line number="67"  hits="0"  branch="false" />
			<line number="69"  hits="0"  branch="true"  condition-coverage="0% (0/6)" />
			<line number="70"  hits="0"  branch="false" />
			<line number="72"  hits="0"  branch="false" />
			<line number="74"  hits="0"  branch="true"  condition-coverage="0% (0/6)" />
			<line number="75"  hits="0"  branch="false" />
			<line number="77"  hits="0"  branch="false" />
			<line number="80"  hits="0"  branch="false" />
			<line number="82"  hits="0"  branch="true"  condition-coverage="0% (0/2)" />
			<line number="83"  hits="0"  branch="false" />
			<line number="85"  hits="0"  branch="false" />
			<line number="88"  hits="0"  branch="true"  condition-coverage="0% (0/2)" />
			<line number="91"  hits="0"  branch="false" />
			<line number="95"  hits="1"  branch="false" />
			<line number="97"  hits="0"  branch="false" />
			<line number="98"  hits="0"  branch="false" />
			<line number="99"  hits="0"  branch="false" />
			<line number="102"  hits="1"  branch="false" />
			<line number="121"  hits="1"  branch="false" />
			<line number="122"  hits="1"  branch="false" />
			<line number="123"  hits="0"  branch="true"  condition-coverage="0% (0/2)" />
			<line number="124"  hits="0"  branch="false" />
			<line number="126"  hits="0"  branch="false" />
			<line number="132"  hits="1"  branch="false" />
			<line number="133"  hits="0"  branch="false" />
			<line number="140"  hits="1"  branch="false" />
			<line number="141"  hits="1"  branch="false" />
			<line number="143"  hits="1"  branch="false" />
			<line number="144"  hits="4"  branch="false" />
			<line number="146"  hits="4"  branch="false" />
			<line number="147"  hits="4"  branch="false" />
			<line number="148"  hits="6"  branch="true"  condition-coverage="50% (1/2)" />
			<line number="149"  hits="6"  branch="false" />
			<line number="152"  hits="6"  branch="false" />
			<line number="157"  hits="1"  branch="false" />
			<line number="160"  hits="1"  branch="true"  condition-coverage="75% (3/4)" />
			<line number="161"  hits="1"  branch="false" />
			<line number="165"  hits="0"  branch="false" />
			<line number="167"  hits="0"  branch="false" />
			<line number="168"  hits="0"  branch="true"  condition-coverage="0% (0/2)" />
			<line number="169"  hits="0"  branch="false" />
			<line number="170"  hits="0"  branch="false" />
			<line number="171"  hits="0"  branch="true"  condition-coverage="0% (0/2)" />
			<line number="172"  hits="0"  branch="false" />
			<line number="175"  hits="0"  branch="false" />
			<line number="177"  hits="0"  branch="true"  condition-coverage="0% (0/2)" />
			<line number="178"  hits="0"  branch="false" />
			<line number="180"  hits="0"  branch="false" />
			<line number="181"  hits="0"  branch="true"  condition-coverage="0% (0/2)" />
			<line number="182"  hits="0"  branch="false" />
			<line number="185"  hits="0"  branch="true"  condition-coverage="0% (0/2)" />
			<line number="186"  hits="0"  branch="true"  condition-coverage="0% (0/2)" />
			<line number="187"  hits="0"  branch="false" />
			<line number="190"  hits="0"  branch="true"  condition-coverage="0% (0/2)" />
			<line number="191"  hits="0"  branch="false" />
			<line number="197"  hits="0"  branch="false" />
			<line number="208"  hits="0"  branch="false" />
			<line number="209"  hits="0"  branch="false" />
			<line number="210"  hits="0"  branch="false" />
			<line number="211"  hits="0"  branch="false" />
			<line number="215"  hits="0"  branch="false" />
			<line number="216"  hits="0"  branch="false" />
			<line number="217"  hits="0"  branch="true"  condition-coverage="0% (0/2)" />
			<line number="218"  hits="0"  branch="false" />
			<line number="222"  hits="0"  branch="false" />
			<line number="223"  hits="0"  branch="false" />
			<line number="224"  hits="0"  branch="false" />
			<line number="225"  hits="0"  branch="false" />
			<line number="231"  hits="1"  branch="false" />
			<line number="232"  hits="0"  branch="false" />
			<line number="233"  hits="0"  branch="false" />
			<line number="239"  hits="1"  branch="false" />
			<line number="240"  hits="0"  branch="false" />
			<line number="241"  hits="0"  branch="false" />
			<line number="247"  hits="1"  branch="false" />
			<line number="248"  hits="0"  branch="false" />
			<line number="249"  hits="0"  branch="false" />
			<line number="255"  hits="1"  branch="false" />
			<line number="256"  hits="0"  branch="true"  condition-coverage="0% (0/4)" />
			<line number="257"  hits="0"  branch="false" />
			<line number="259"  hits="0"  branch="false" />
			<line number="260"  hits="0"  branch="true"  condition-coverage="0% (0/2)" />
			<line number="261"  hits="0"  branch="false" />
			<line number="263"  hits="0"  branch="false" />
			<line number="266"  hits="0"  branch="false" />
			<line number="270"  hits="1"  branch="false" />
			<line number="275"  hits="1"  branch="false" />
			<line number="276"  hits="0"  branch="false" />
			<line number="277"  hits="0"  branch="true"  condition-coverage="0% (0/2)" />
			<line number="279"  hits="0"  branch="false" />
			<line number="282"  hits="0"  branch="false" />
			<line number="288"  hits="1"  branch="false" />
			<line number="289"  hits="0"  branch="false" />
			<line number="295"  hits="1"  branch="false" />
			<line number="296"  hits="0"  branch="false" />
			<line number="308"  hits="1"  branch="false" />
			<line number="309"  hits="0"  branch="false" />
			<line number="312"  hits="0"  branch="false" />
			<line number="313"  hits="0"  branch="true"  condition-coverage="0% (0/2)" />
			<line number="314"  hits="0"  branch="false" />
			<line number="316"  hits="0"  branch="false" />
			<line number="317"  hits="0"  branch="false" />
			<line number="319"  hits="0"  branch="false" />
			<line number="327"  hits="1"  branch="false" />
			<line number="328"  hits="0"  branch="false" />
			<line number="330"  hits="0"  branch="false" />
			<line number="331"  hits="0"  branch="false" />
			<line number="332"  hits="0"  branch="true"  condition-coverage="0% (0/2)" />
			<line number="333"  hits="0"  branch="false" />
			<line number="334"  hits="0"  branch="false" />
			<line number="337"  hits="0"  branch="true"  condition-coverage="0% (0/2)" />
			<line number="338"  hits="0"  branch="false" />
			<line number="340"  hits="0"  branch="false" />
			<line number="343"  hits="1"  branch="false" />
			<line number="344"  hits="0"  branch="false" />
			<line number="348"  hits="1"  branch="false" />
			<line number="349"  hits="0"  branch="false" />
			<line number="350"  hits="0"  branch="false" />
			<line number="351"  hits="0"  branch="false" />
			<line number="352"  hits="0"  branch="false" />
			<line number="354"  hits="0"  branch="false" />
			<line number="359"  hits="1"  branch="false" />
			<line number="360"  hits="0"  branch="true"  condition-coverage="0% (0/2)" />
			<line number="361"  hits="0"  branch="true"  condition-coverage="0% (0/2)" />
			<line number="364"  hits="0"  branch="false" />
			<line number="367"  hits="0"  branch="false" />
			<line number="370"  hits="0"  branch="false" />
			<line number="371"  hits="0"  branch="false" />
			<line number="374"  hits="1"  branch="false" />
			<line number="375"  hits="0"  branch="false" />
			<line number="376"  hits="0"  branch="false" />
			<line number="377"  hits="0"  branch="false" />
			<line number="379"  hits="0"  branch="true"  condition-coverage="0% (0/4)" />
			<line number="380"  hits="0"  branch="false" />
			<line number="384"  hits="1"  branch="false" />
			<line number="386"  hits="0"  branch="true"  condition-coverage="0% (0/2)" />
			<line number="387"  hits="0"  branch="false" />
			<line number="389"  hits="0"  branch="true"  condition-coverage="0% (0/2)" />
			<line number="390"  hits="0"  branch="false" />
			<line number="392"  hits="0"  branch="false" />
			<line number="396"  hits="1"  branch="false" />
			<line number="397"  hits="0"  branch="false" />
			<line number="398"  hits="0"  branch="false" />
			<line number="399"  hits="0"  branch="true"  condition-coverage="0% (0/2)" />
			<line number="400"  hits="0"  branch="false" />
			<line number="402"  hits="0"  branch="false" />
			<line number="408"  hits="1"  branch="false" />
			<line number="409"  hits="0"  branch="false" />
			<line number="412"  hits="1"  branch="false" />
			<line number="413"  hits="0"  branch="false" />
			<line number="414"  hits="0"  branch="false" />
			<line number="415"  hits="0"  branch="true"  condition-coverage="0% (0/4)" />
			<line number="416"  hits="0"  branch="true"  condition-coverage="0% (0/2)" />
			<line number="418"  hits="0"  branch="false" />
			<line number="421"  hits="0"  branch="false" />
			<line number="422"  hits="0"  branch="false" />
			<line number="426"  hits="0"  branch="true"  condition-coverage="0% (0/4)" />
			<line number="427"  hits="0"  branch="false" />
			<line number="431"  hits="0"  branch="false" />
			<line number="432"  hits="0"  branch="true"  condition-coverage="0% (0/4)" />
			<line number="433"  hits="0"  branch="false" />
			<line number="436"  hits="0"  branch="false" />
			<line number="437"  hits="0"  branch="false" />
			<line number="440"  hits="0"  branch="false" />
			<line number="441"  hits="0"  branch="false" />
			<line number="447"  hits="0"  branch="false" />
			<line number="448"  hits="0"  branch="false" />
			<line number="450"  hits="0"  branch="false" />
			<line number="451"  hits="0"  branch="false" />
			<line number="452"  hits="0"  branch="true"  condition-coverage="0% (0/2)" />
			<line number="453"  hits="0"  branch="false" />
			<line number="455"  hits="0"  branch="false" />
			<line number="457"  hits="0"  branch="false" />
			<line number="458"  hits="0"  branch="false" />
			<line number="459"  hits="0"  branch="false" />
			<line number="461"  hits="0"  branch="false" />
			<line number="464"  hits="0"  branch="false" />
			<line number="465"  hits="0"  branch="false" />
			<line number="472"  hits="1"  branch="false" />
			<line number="477"  hits="0"  branch="false" />
			<line number="487"  hits="1"  branch="false" />
			<line number="488"  hits="0"  branch="false" />
			<line number="489"  hits="0"  branch="false" />
			<line number="490"  hits="0"  branch="true"  condition-coverage="0% (0/2)" />
			<line number="491"  hits="0"  branch="false" />
			<line number="492"  hits="0"  branch="false" />
			<line number="493"  hits="0"  branch="false" />
			<line number="494"  hits="0"  branch="false" />
			<line number="495"  hits="0"  branch="false" />
			<line number="498"  hits="0"  branch="false" />
			<line number="506"  hits="1"  branch="false" />
			<line number="507"  hits="0"  branch="false" />
			<line number="508"  hits="0"  branch="false" />
			<line number="509"  hits="0"  branch="true"  condition-coverage="0% (0/4)" />
			<line number="510"  hits="0"  branch="false" />
			<line number="514"  hits="0"  branch="false" />
			<line number="516"  hits="0"  branch="false" />
			<line number="517"  hits="0"  branch="false" />
			<line number="522"  hits="0"  branch="false" />
			<line number="531"  hits="1"  branch="false" />
			<line number="536"  hits="0"  branch="false" />
			<line number="538"  hits="0"  branch="true"  condition-coverage="0% (0/4)" />
			<line number="540"  hits="0"  branch="false" />
			<line number="542"  hits="0"  branch="false" />
			<line number="543"  hits="0"  branch="false" />
			<line number="546"  hits="0"  branch="false" />
			<line number="547"  hits="0"  branch="false" />
			<line number="557"  hits="1"  branch="false" />
			<line number="558"  hits="0"  branch="false" />
			<line number="559"  hits="0"  branch="true"  condition-coverage="0% (0/2)" />
			<line number="560"  hits="0"  branch="false" />
			<line number="561"  hits="0"  branch="true"  condition-coverage="0% (0/4)" />
			<line number="562"  hits="0"  branch="false" />
			<line number="565"  hits="0"  branch="true"  condition-coverage="0% (0/2)" />
			<line number="566"  hits="0"  branch="true"  condition-coverage="0% (0/4)" />
			<line number="570"  hits="0"  branch="false" />
			<line number="574"  hits="0"  branch="false" />
			<line number="577"  hits="0"  branch="false" />
		</lines>
		</class>
	</classes>
	</package>
</packages>
</coverage>
