{
"/home/vickywang/Blockchain/Hyperledger1.1.0/fabric-sdk-node/fabric-client/lib/hash.js":{"path":"/home/vickywang/Blockchain/Hyperledger1.1.0/fabric-sdk-node/fabric-client/lib/hash.js","s":{"1":1,"2":1,"3":1,"4":1,"5":6,"6":6,"7":18,"8":6,"9":6,"10":6,"11":2,"12":2,"13":6,"14":6,"15":2,"16":2,"17":2,"18":2,"19":2,"20":6,"21":6,"22":2,"23":2,"24":2,"25":1,"26":1,"27":1,"28":3,"29":3,"30":1,"31":1,"32":1,"33":1,"34":1,"35":1,"36":3,"37":3,"38":1,"39":1,"40":1,"41":1,"42":1,"43":1,"44":1,"45":1,"46":1,"47":1,"48":1,"49":1,"50":1,"51":1},"b":{},"f":{"1":6,"2":6,"3":18,"4":6,"5":0,"6":2,"7":6,"8":2,"9":2,"10":6,"11":2,"12":1,"13":1,"14":3,"15":1,"16":1,"17":1,"18":3,"19":1},"fnMap":{"1":{"name":"(anonymous_1)","line":26,"loc":{"start":{"line":26,"column":12},"end":{"line":26,"column":15}}},"2":{"name":"(anonymous_2)","line":30,"loc":{"start":{"line":30,"column":5},"end":{"line":30,"column":12}}},"3":{"name":"(anonymous_3)","line":33,"loc":{"start":{"line":33,"column":6},"end":{"line":33,"column":9}}},"4":{"name":"(anonymous_4)","line":36,"loc":{"start":{"line":36,"column":7},"end":{"line":36,"column":14}}},"5":{"name":"(anonymous_5)","line":41,"loc":{"start":{"line":41,"column":9},"end":{"line":41,"column":12}}},"6":{"name":"(anonymous_6)","line":45,"loc":{"start":{"line":45,"column":12},"end":{"line":45,"column":15}}},"7":{"name":"(anonymous_7)","line":49,"loc":{"start":{"line":49,"column":6},"end":{"line":49,"column":9}}},"8":{"name":"(anonymous_8)","line":53,"loc":{"start":{"line":53,"column":9},"end":{"line":53,"column":12}}},"9":{"name":"(anonymous_9)","line":60,"loc":{"start":{"line":60,"column":12},"end":{"line":60,"column":15}}},"10":{"name":"(anonymous_10)","line":64,"loc":{"start":{"line":64,"column":6},"end":{"line":64,"column":9}}},"11":{"name":"(anonymous_11)","line":68,"loc":{"start":{"line":68,"column":9},"end":{"line":68,"column":12}}},"12":{"name":"(anonymous_12)","line":75,"loc":{"start":{"line":75,"column":18},"end":{"line":75,"column":25}}},"13":{"name":"(anonymous_13)","line":78,"loc":{"start":{"line":78,"column":12},"end":{"line":78,"column":15}}},"14":{"name":"(anonymous_14)","line":82,"loc":{"start":{"line":82,"column":6},"end":{"line":82,"column":9}}},"15":{"name":"(anonymous_15)","line":86,"loc":{"start":{"line":86,"column":9},"end":{"line":86,"column":12}}},"16":{"name":"(anonymous_16)","line":94,"loc":{"start":{"line":94,"column":18},"end":{"line":94,"column":25}}},"17":{"name":"(anonymous_17)","line":97,"loc":{"start":{"line":97,"column":12},"end":{"line":97,"column":15}}},"18":{"name":"(anonymous_18)","line":101,"loc":{"start":{"line":101,"column":6},"end":{"line":101,"column":9}}},"19":{"name":"(anonymous_19)","line":105,"loc":{"start":{"line":105,"column":9},"end":{"line":105,"column":12}}}},"statementMap":{"1":{"start":{"line":20,"column":0},"end":{"line":20,"column":52}},"2":{"start":{"line":21,"column":0},"end":{"line":21,"column":34}},"3":{"start":{"line":22,"column":0},"end":{"line":22,"column":49}},"4":{"start":{"line":23,"column":0},"end":{"line":23,"column":33}},"5":{"start":{"line":27,"column":2},"end":{"line":27,"column":15}},"6":{"start":{"line":31,"column":2},"end":{"line":31,"column":46}},"7":{"start":{"line":34,"column":2},"end":{"line":34,"column":14}},"8":{"start":{"line":37,"column":2},"end":{"line":37,"column":41}},"9":{"start":{"line":38,"column":2},"end":{"line":38,"column":26}},"10":{"start":{"line":39,"column":2},"end":{"line":39,"column":14}},"11":{"start":{"line":46,"column":2},"end":{"line":46,"column":10}},"12":{"start":{"line":47,"column":2},"end":{"line":47,"column":23}},"13":{"start":{"line":50,"column":2},"end":{"line":50,"column":43}},"14":{"start":{"line":51,"column":2},"end":{"line":51,"column":23}},"15":{"start":{"line":54,"column":2},"end":{"line":54,"column":40}},"16":{"start":{"line":55,"column":2},"end":{"line":55,"column":15}},"17":{"start":{"line":56,"column":2},"end":{"line":56,"column":14}},"18":{"start":{"line":61,"column":2},"end":{"line":61,"column":10}},"19":{"start":{"line":62,"column":2},"end":{"line":62,"column":24}},"20":{"start":{"line":65,"column":2},"end":{"line":65,"column":43}},"21":{"start":{"line":66,"column":2},"end":{"line":66,"column":23}},"22":{"start":{"line":69,"column":2},"end":{"line":69,"column":40}},"23":{"start":{"line":70,"column":2},"end":{"line":70,"column":15}},"24":{"start":{"line":71,"column":2},"end":{"line":71,"column":14}},"25":{"start":{"line":76,"column":2},"end":{"line":76,"column":24}},"26":{"start":{"line":79,"column":2},"end":{"line":79,"column":10}},"27":{"start":{"line":80,"column":2},"end":{"line":80,"column":24}},"28":{"start":{"line":83,"column":2},"end":{"line":83,"column":33}},"29":{"start":{"line":84,"column":2},"end":{"line":84,"column":23}},"30":{"start":{"line":87,"column":2},"end":{"line":87,"column":32}},"31":{"start":{"line":88,"column":2},"end":{"line":88,"column":15}},"32":{"start":{"line":89,"column":2},"end":{"line":89,"column":14}},"33":{"start":{"line":95,"column":2},"end":{"line":95,"column":24}},"34":{"start":{"line":98,"column":2},"end":{"line":98,"column":10}},"35":{"start":{"line":99,"column":2},"end":{"line":99,"column":23}},"36":{"start":{"line":102,"column":2},"end":{"line":102,"column":33}},"37":{"start":{"line":103,"column":2},"end":{"line":103,"column":23}},"38":{"start":{"line":106,"column":2},"end":{"line":106,"column":32}},"39":{"start":{"line":107,"column":2},"end":{"line":107,"column":15}},"40":{"start":{"line":108,"column":2},"end":{"line":108,"column":14}},"41":{"start":{"line":112,"column":0},"end":{"line":112,"column":38}},"42":{"start":{"line":113,"column":0},"end":{"line":113,"column":38}},"43":{"start":{"line":114,"column":0},"end":{"line":114,"column":38}},"44":{"start":{"line":115,"column":0},"end":{"line":115,"column":38}},"45":{"start":{"line":116,"column":0},"end":{"line":118,"column":2}},"46":{"start":{"line":117,"column":1},"end":{"line":117,"column":41}},"47":{"start":{"line":119,"column":0},"end":{"line":119,"column":28}},"48":{"start":{"line":120,"column":0},"end":{"line":122,"column":2}},"49":{"start":{"line":121,"column":1},"end":{"line":121,"column":41}},"50":{"start":{"line":123,"column":0},"end":{"line":123,"column":28}},"51":{"start":{"line":124,"column":0},"end":{"line":124,"column":30}}},"branchMap":{},"l":{"20":1,"21":1,"22":1,"23":1,"27":6,"31":6,"34":18,"37":6,"38":6,"39":6,"46":2,"47":2,"50":6,"51":6,"54":2,"55":2,"56":2,"61":2,"62":2,"65":6,"66":6,"69":2,"70":2,"71":2,"76":1,"79":1,"80":1,"83":3,"84":3,"87":1,"88":1,"89":1,"95":1,"98":1,"99":1,"102":3,"103":3,"106":1,"107":1,"108":1,"112":1,"113":1,"114":1,"115":1,"116":1,"117":1,"119":1,"120":1,"121":1,"123":1,"124":1}},
"/home/vickywang/Blockchain/Hyperledger1.1.0/fabric-sdk-node/fabric-client/lib/utils.js":{"path":"/home/vickywang/Blockchain/Hyperledger1.1.0/fabric-sdk-node/fabric-client/lib/utils.js","s":{"1":1,"2":1,"3":1,"4":1,"5":1,"6":1,"7":1,"8":1,"9":1,"10":1,"11":0,"12":0,"13":0,"14":0,"15":0,"16":0,"17":0,"18":0,"19":0,"20":0,"21":0,"22":0,"23":0,"24":0,"25":0,"26":0,"27":0,"28":0,"29":0,"30":0,"31":0,"32":1,"33":0,"34":0,"35":0,"36":1,"37":1,"38":1,"39":0,"40":0,"41":0,"42":1,"43":0,"44":1,"45":1,"46":1,"47":4,"48":4,"49":4,"50":6,"51":6,"52":6,"53":1,"54":1,"55":1,"56":0,"57":0,"58":0,"59":0,"60":0,"61":0,"62":0,"63":0,"64":0,"65":0,"66":0,"67":0,"68":0,"69":0,"70":0,"71":0,"72":0,"73":0,"74":0,"75":0,"76":0,"77":0,"78":0,"79":0,"80":0,"81":0,"82":0,"83":0,"84":0,"85":0,"86":0,"87":1,"88":0,"89":0,"90":1,"91":0,"92":0,"93":1,"94":0,"95":0,"96":1,"97":0,"98":0,"99":0,"100":0,"101":0,"102":0,"103":0,"104":1,"105":1,"106":0,"107":0,"108":0,"109":0,"110":1,"111":0,"112":1,"113":0,"114":1,"115":0,"116":0,"117":0,"118":0,"119":0,"120":0,"121":0,"122":1,"123":0,"124":0,"125":0,"126":0,"127":0,"128":0,"129":0,"130":0,"131":0,"132":1,"133":0,"134":1,"135":0,"136":0,"137":0,"138":0,"139":0,"140":1,"141":0,"142":0,"143":0,"144":0,"145":0,"146":0,"147":1,"148":0,"149":0,"150":0,"151":0,"152":0,"153":1,"154":0,"155":0,"156":0,"157":0,"158":0,"159":1,"160":0,"161":0,"162":0,"163":0,"164":0,"165":1,"166":0,"167":1,"168":0,"169":0,"170":0,"171":0,"172":0,"173":0,"174":0,"175":0,"176":0,"177":0,"178":0,"179":0,"180":0,"181":0,"182":0,"183":0,"184":0,"185":0,"186":0,"187":0,"188":0,"189":0,"190":0,"191":0,"192":0,"193":0,"194":0,"195":0,"196":0,"197":1,"198":0,"199":1,"200":0,"201":0,"202":0,"203":0,"204":0,"205":0,"206":0,"207":0,"208":0,"209":1,"210":0,"211":0,"212":0,"213":0,"214":0,"215":0,"216":0,"217":0,"218":1,"219":0,"220":0,"221":0,"222":0,"223":0,"224":0,"225":0,"226":1,"227":0,"228":0,"229":0,"230":0,"231":0,"232":0,"233":0,"234":0,"235":0,"236":0},"b":{"1":[0,0],"2":[0,0],"3":[0,0],"4":[0,0],"5":[0,0,0,0],"6":[0,0],"7":[0,0,0,0],"8":[0,0],"9":[0,0,0,0],"10":[0,0],"11":[0,0],"12":[0,0],"13":[6,0],"14":[1,0],"15":[1,1],"16":[0,0],"17":[0,0],"18":[0,0],"19":[0,0],"20":[0,0],"21":[0,0],"22":[0,0],"23":[0,0],"24":[0,0],"25":[0,0],"26":[0,0],"27":[0,0],"28":[0,0],"29":[0,0],"30":[0,0],"31":[0,0],"32":[0,0],"33":[0,0],"34":[0,0],"35":[0,0],"36":[0,0],"37":[0,0],"38":[0,0],"39":[0,0],"40":[0,0],"41":[0,0],"42":[0,0],"43":[0,0],"44":[0,0],"45":[0,0],"46":[0,0],"47":[0,0],"48":[0,0],"49":[0,0],"50":[0,0],"51":[0,0],"52":[0,0],"53":[0,0],"54":[0,0],"55":[0,0],"56":[0,0]},"f":{"1":0,"2":0,"3":1,"4":0,"5":0,"6":1,"7":4,"8":4,"9":6,"10":0,"11":0,"12":0,"13":0,"14":0,"15":0,"16":0,"17":0,"18":0,"19":0,"20":0,"21":0,"22":0,"23":0,"24":0,"25":0,"26":0,"27":0,"28":0,"29":0,"30":0,"31":0,"32":0,"33":0,"34":0,"35":0},"fnMap":{"1":{"name":"(anonymous_1)","line":45,"loc":{"start":{"line":45,"column":32},"end":{"line":45,"column":50}}},"2":{"name":"(anonymous_2)","line":95,"loc":{"start":{"line":95,"column":34},"end":{"line":95,"column":52}}},"3":{"name":"(anonymous_3)","line":121,"loc":{"start":{"line":121,"column":27},"end":{"line":121,"column":42}}},"4":{"name":"(anonymous_4)","line":122,"loc":{"start":{"line":122,"column":18},"end":{"line":122,"column":35}}},"5":{"name":"(anonymous_5)","line":132,"loc":{"start":{"line":132,"column":24},"end":{"line":132,"column":35}}},"6":{"name":"(anonymous_6)","line":140,"loc":{"start":{"line":140,"column":24},"end":{"line":140,"column":56}}},"7":{"name":"(anonymous_7)","line":143,"loc":{"start":{"line":143,"column":45},"end":{"line":143,"column":62}}},"8":{"name":"(anonymous_8)","line":146,"loc":{"start":{"line":146,"column":21},"end":{"line":146,"column":54}}},"9":{"name":"(anonymous_9)","line":147,"loc":{"start":{"line":147,"column":11},"end":{"line":147,"column":22}}},"10":{"name":"(anonymous_10)","line":231,"loc":{"start":{"line":231,"column":31},"end":{"line":231,"column":46}}},"11":{"name":"(anonymous_11)","line":239,"loc":{"start":{"line":239,"column":34},"end":{"line":239,"column":56}}},"12":{"name":"(anonymous_12)","line":247,"loc":{"start":{"line":247,"column":34},"end":{"line":247,"column":64}}},"13":{"name":"(anonymous_13)","line":255,"loc":{"start":{"line":255,"column":27},"end":{"line":255,"column":38}}},"14":{"name":"(anonymous_14)","line":275,"loc":{"start":{"line":275,"column":31},"end":{"line":275,"column":51}}},"15":{"name":"(anonymous_15)","line":288,"loc":{"start":{"line":288,"column":31},"end":{"line":288,"column":57}}},"16":{"name":"(anonymous_16)","line":295,"loc":{"start":{"line":295,"column":34},"end":{"line":295,"column":54}}},"17":{"name":"(anonymous_17)","line":308,"loc":{"start":{"line":308,"column":29},"end":{"line":308,"column":43}}},"18":{"name":"(anonymous_18)","line":327,"loc":{"start":{"line":327,"column":29},"end":{"line":327,"column":45}}},"19":{"name":"(anonymous_19)","line":343,"loc":{"start":{"line":343,"column":28},"end":{"line":343,"column":45}}},"20":{"name":"(anonymous_20)","line":348,"loc":{"start":{"line":348,"column":31},"end":{"line":348,"column":48}}},"21":{"name":"(anonymous_21)","line":359,"loc":{"start":{"line":359,"column":26},"end":{"line":359,"column":43}}},"22":{"name":"(anonymous_22)","line":374,"loc":{"start":{"line":374,"column":33},"end":{"line":374,"column":49}}},"23":{"name":"(anonymous_23)","line":378,"loc":{"start":{"line":378,"column":2},"end":{"line":378,"column":14}}},"24":{"name":"(anonymous_24)","line":384,"loc":{"start":{"line":384,"column":30},"end":{"line":384,"column":49}}},"25":{"name":"(anonymous_25)","line":396,"loc":{"start":{"line":396,"column":26},"end":{"line":396,"column":41}}},"26":{"name":"(anonymous_26)","line":397,"loc":{"start":{"line":397,"column":20},"end":{"line":397,"column":46}}},"27":{"name":"(anonymous_27)","line":398,"loc":{"start":{"line":398,"column":20},"end":{"line":398,"column":40}}},"28":{"name":"(anonymous_28)","line":408,"loc":{"start":{"line":408,"column":40},"end":{"line":408,"column":51}}},"29":{"name":"(anonymous_29)","line":412,"loc":{"start":{"line":412,"column":21},"end":{"line":412,"column":50}}},"30":{"name":"(anonymous_30)","line":447,"loc":{"start":{"line":447,"column":21},"end":{"line":447,"column":32}}},"31":{"name":"(anonymous_31)","line":472,"loc":{"start":{"line":472,"column":35},"end":{"line":472,"column":64}}},"32":{"name":"(anonymous_32)","line":487,"loc":{"start":{"line":487,"column":42},"end":{"line":487,"column":88}}},"33":{"name":"(anonymous_33)","line":506,"loc":{"start":{"line":506,"column":31},"end":{"line":506,"column":45}}},"34":{"name":"(anonymous_34)","line":531,"loc":{"start":{"line":531,"column":26},"end":{"line":531,"column":40}}},"35":{"name":"(anonymous_35)","line":557,"loc":{"start":{"line":557,"column":31},"end":{"line":557,"column":47}}}},"statementMap":{"1":{"start":{"line":19,"column":0},"end":{"line":19,"column":27}},"2":{"start":{"line":20,"column":0},"end":{"line":20,"column":33}},"3":{"start":{"line":21,"column":0},"end":{"line":21,"column":29}},"4":{"start":{"line":22,"column":0},"end":{"line":22,"column":31}},"5":{"start":{"line":23,"column":0},"end":{"line":23,"column":27}},"6":{"start":{"line":24,"column":0},"end":{"line":24,"column":23}},"7":{"start":{"line":25,"column":0},"end":{"line":25,"column":27}},"8":{"start":{"line":27,"column":0},"end":{"line":27,"column":36}},"9":{"start":{"line":28,"column":0},"end":{"line":28,"column":29}},"10":{"start":{"line":45,"column":0},"end":{"line":92,"column":2}},"11":{"start":{"line":46,"column":1},"end":{"line":46,"column":55}},"12":{"start":{"line":48,"column":1},"end":{"line":48,"column":20}},"13":{"start":{"line":49,"column":1},"end":{"line":53,"column":2}},"14":{"start":{"line":50,"column":2},"end":{"line":50,"column":29}},"15":{"start":{"line":52,"column":2},"end":{"line":52,"column":47}},"16":{"start":{"line":55,"column":1},"end":{"line":55,"column":110}},"17":{"start":{"line":64,"column":1},"end":{"line":67,"column":52}},"18":{"start":{"line":65,"column":2},"end":{"line":65,"column":28}},"19":{"start":{"line":67,"column":2},"end":{"line":67,"column":52}},"20":{"start":{"line":69,"column":1},"end":{"line":72,"column":19}},"21":{"start":{"line":70,"column":2},"end":{"line":70,"column":46}},"22":{"start":{"line":72,"column":2},"end":{"line":72,"column":19}},"23":{"start":{"line":74,"column":1},"end":{"line":77,"column":18}},"24":{"start":{"line":75,"column":2},"end":{"line":75,"column":40}},"25":{"start":{"line":77,"column":2},"end":{"line":77,"column":18}},"26":{"start":{"line":80,"column":1},"end":{"line":80,"column":28}},"27":{"start":{"line":82,"column":1},"end":{"line":83,"column":108}},"28":{"start":{"line":83,"column":2},"end":{"line":83,"column":108}},"29":{"start":{"line":85,"column":1},"end":{"line":85,"column":35}},"30":{"start":{"line":88,"column":1},"end":{"line":88,"column":58}},"31":{"start":{"line":91,"column":1},"end":{"line":91,"column":49}},"32":{"start":{"line":95,"column":0},"end":{"line":100,"column":2}},"33":{"start":{"line":97,"column":1},"end":{"line":97,"column":55}},"34":{"start":{"line":98,"column":1},"end":{"line":98,"column":29}},"35":{"start":{"line":99,"column":1},"end":{"line":99,"column":44}},"36":{"start":{"line":102,"column":0},"end":{"line":102,"column":58}},"37":{"start":{"line":121,"column":0},"end":{"line":226,"column":2}},"38":{"start":{"line":122,"column":1},"end":{"line":130,"column":3}},"39":{"start":{"line":123,"column":2},"end":{"line":129,"column":3}},"40":{"start":{"line":124,"column":3},"end":{"line":124,"column":30}},"41":{"start":{"line":126,"column":3},"end":{"line":128,"column":5}},"42":{"start":{"line":132,"column":1},"end":{"line":138,"column":3}},"43":{"start":{"line":133,"column":2},"end":{"line":137,"column":5}},"44":{"start":{"line":140,"column":1},"end":{"line":158,"column":3}},"45":{"start":{"line":141,"column":2},"end":{"line":141,"column":51}},"46":{"start":{"line":143,"column":2},"end":{"line":155,"column":5}},"47":{"start":{"line":144,"column":3},"end":{"line":144,"column":37}},"48":{"start":{"line":146,"column":3},"end":{"line":154,"column":35}},"49":{"start":{"line":147,"column":4},"end":{"line":153,"column":6}},"50":{"start":{"line":148,"column":5},"end":{"line":150,"column":6}},"51":{"start":{"line":149,"column":6},"end":{"line":149,"column":61}},"52":{"start":{"line":152,"column":5},"end":{"line":152,"column":33}},"53":{"start":{"line":157,"column":2},"end":{"line":157,"column":16}},"54":{"start":{"line":160,"column":1},"end":{"line":162,"column":2}},"55":{"start":{"line":161,"column":2},"end":{"line":161,"column":51}},"56":{"start":{"line":165,"column":1},"end":{"line":165,"column":74}},"57":{"start":{"line":167,"column":1},"end":{"line":167,"column":18}},"58":{"start":{"line":168,"column":1},"end":{"line":220,"column":2}},"59":{"start":{"line":169,"column":2},"end":{"line":219,"column":3}},"60":{"start":{"line":170,"column":3},"end":{"line":170,"column":21}},"61":{"start":{"line":171,"column":3},"end":{"line":176,"column":4}},"62":{"start":{"line":172,"column":4},"end":{"line":172,"column":44}},"63":{"start":{"line":175,"column":4},"end":{"line":175,"column":32}},"64":{"start":{"line":177,"column":3},"end":{"line":206,"column":4}},"65":{"start":{"line":178,"column":4},"end":{"line":178,"column":113}},"66":{"start":{"line":180,"column":4},"end":{"line":205,"column":5}},"67":{"start":{"line":181,"column":5},"end":{"line":183,"column":6}},"68":{"start":{"line":182,"column":6},"end":{"line":182,"column":15}},"69":{"start":{"line":185,"column":5},"end":{"line":204,"column":6}},"70":{"start":{"line":186,"column":6},"end":{"line":188,"column":7}},"71":{"start":{"line":187,"column":7},"end":{"line":187,"column":31}},"72":{"start":{"line":190,"column":6},"end":{"line":203,"column":7}},"73":{"start":{"line":191,"column":7},"end":{"line":195,"column":11}},"74":{"start":{"line":197,"column":7},"end":{"line":202,"column":11}},"75":{"start":{"line":208,"column":3},"end":{"line":208,"column":46}},"76":{"start":{"line":209,"column":3},"end":{"line":209,"column":89}},"77":{"start":{"line":210,"column":3},"end":{"line":210,"column":22}},"78":{"start":{"line":211,"column":3},"end":{"line":211,"column":41}},"79":{"start":{"line":215,"column":3},"end":{"line":215,"column":37}},"80":{"start":{"line":216,"column":3},"end":{"line":216,"column":22}},"81":{"start":{"line":217,"column":3},"end":{"line":217,"column":171}},"82":{"start":{"line":218,"column":3},"end":{"line":218,"column":41}},"83":{"start":{"line":222,"column":1},"end":{"line":222,"column":35}},"84":{"start":{"line":223,"column":1},"end":{"line":223,"column":20}},"85":{"start":{"line":224,"column":1},"end":{"line":224,"column":76}},"86":{"start":{"line":225,"column":1},"end":{"line":225,"column":39}},"87":{"start":{"line":231,"column":0},"end":{"line":234,"column":2}},"88":{"start":{"line":232,"column":1},"end":{"line":232,"column":31}},"89":{"start":{"line":233,"column":1},"end":{"line":233,"column":19}},"90":{"start":{"line":239,"column":0},"end":{"line":242,"column":2}},"91":{"start":{"line":240,"column":1},"end":{"line":240,"column":31}},"92":{"start":{"line":241,"column":1},"end":{"line":241,"column":25}},"93":{"start":{"line":247,"column":0},"end":{"line":250,"column":2}},"94":{"start":{"line":248,"column":1},"end":{"line":248,"column":31}},"95":{"start":{"line":249,"column":1},"end":{"line":249,"column":40}},"96":{"start":{"line":255,"column":0},"end":{"line":267,"column":2}},"97":{"start":{"line":256,"column":1},"end":{"line":258,"column":2}},"98":{"start":{"line":257,"column":2},"end":{"line":257,"column":27}},"99":{"start":{"line":259,"column":1},"end":{"line":259,"column":27}},"100":{"start":{"line":260,"column":1},"end":{"line":264,"column":2}},"101":{"start":{"line":261,"column":2},"end":{"line":261,"column":29}},"102":{"start":{"line":263,"column":2},"end":{"line":263,"column":34}},"103":{"start":{"line":266,"column":1},"end":{"line":266,"column":15}},"104":{"start":{"line":270,"column":0},"end":{"line":270,"column":21}},"105":{"start":{"line":275,"column":0},"end":{"line":283,"column":2}},"106":{"start":{"line":276,"column":1},"end":{"line":276,"column":35}},"107":{"start":{"line":277,"column":1},"end":{"line":280,"column":2}},"108":{"start":{"line":279,"column":2},"end":{"line":279,"column":102}},"109":{"start":{"line":282,"column":1},"end":{"line":282,"column":13}},"110":{"start":{"line":288,"column":0},"end":{"line":290,"column":2}},"111":{"start":{"line":289,"column":1},"end":{"line":289,"column":31}},"112":{"start":{"line":295,"column":0},"end":{"line":297,"column":2}},"113":{"start":{"line":296,"column":1},"end":{"line":296,"column":31}},"114":{"start":{"line":308,"column":0},"end":{"line":320,"column":2}},"115":{"start":{"line":309,"column":1},"end":{"line":311,"column":9}},"116":{"start":{"line":312,"column":1},"end":{"line":318,"column":2}},"117":{"start":{"line":313,"column":2},"end":{"line":315,"column":3}},"118":{"start":{"line":314,"column":3},"end":{"line":314,"column":20}},"119":{"start":{"line":316,"column":2},"end":{"line":316,"column":23}},"120":{"start":{"line":317,"column":2},"end":{"line":317,"column":12}},"121":{"start":{"line":319,"column":1},"end":{"line":319,"column":12}},"122":{"start":{"line":327,"column":0},"end":{"line":341,"column":2}},"123":{"start":{"line":328,"column":1},"end":{"line":329,"column":13}},"124":{"start":{"line":330,"column":1},"end":{"line":336,"column":2}},"125":{"start":{"line":331,"column":2},"end":{"line":331,"column":28}},"126":{"start":{"line":332,"column":2},"end":{"line":335,"column":3}},"127":{"start":{"line":333,"column":3},"end":{"line":333,"column":17}},"128":{"start":{"line":334,"column":3},"end":{"line":334,"column":11}},"129":{"start":{"line":337,"column":1},"end":{"line":339,"column":2}},"130":{"start":{"line":338,"column":2},"end":{"line":338,"column":52}},"131":{"start":{"line":340,"column":1},"end":{"line":340,"column":12}},"132":{"start":{"line":343,"column":0},"end":{"line":345,"column":2}},"133":{"start":{"line":344,"column":1},"end":{"line":344,"column":29}},"134":{"start":{"line":348,"column":0},"end":{"line":355,"column":2}},"135":{"start":{"line":349,"column":1},"end":{"line":349,"column":41}},"136":{"start":{"line":350,"column":1},"end":{"line":350,"column":31}},"137":{"start":{"line":351,"column":1},"end":{"line":353,"column":2}},"138":{"start":{"line":352,"column":2},"end":{"line":352,"column":22}},"139":{"start":{"line":354,"column":1},"end":{"line":354,"column":11}},"140":{"start":{"line":359,"column":0},"end":{"line":372,"column":2}},"141":{"start":{"line":360,"column":1},"end":{"line":368,"column":2}},"142":{"start":{"line":361,"column":2},"end":{"line":365,"column":3}},"143":{"start":{"line":364,"column":3},"end":{"line":364,"column":51}},"144":{"start":{"line":367,"column":2},"end":{"line":367,"column":51}},"145":{"start":{"line":370,"column":1},"end":{"line":370,"column":40}},"146":{"start":{"line":371,"column":1},"end":{"line":371,"column":14}},"147":{"start":{"line":374,"column":0},"end":{"line":382,"column":2}},"148":{"start":{"line":375,"column":1},"end":{"line":375,"column":21}},"149":{"start":{"line":376,"column":1},"end":{"line":376,"column":38}},"150":{"start":{"line":377,"column":1},"end":{"line":381,"column":5}},"151":{"start":{"line":379,"column":3},"end":{"line":380,"column":16}},"152":{"start":{"line":380,"column":4},"end":{"line":380,"column":16}},"153":{"start":{"line":384,"column":0},"end":{"line":394,"column":2}},"154":{"start":{"line":386,"column":1},"end":{"line":388,"column":2}},"155":{"start":{"line":387,"column":2},"end":{"line":387,"column":37}},"156":{"start":{"line":389,"column":1},"end":{"line":393,"column":2}},"157":{"start":{"line":390,"column":2},"end":{"line":390,"column":37}},"158":{"start":{"line":392,"column":2},"end":{"line":392,"column":37}},"159":{"start":{"line":396,"column":0},"end":{"line":406,"column":2}},"160":{"start":{"line":397,"column":1},"end":{"line":405,"column":4}},"161":{"start":{"line":398,"column":2},"end":{"line":404,"column":5}},"162":{"start":{"line":399,"column":3},"end":{"line":403,"column":4}},"163":{"start":{"line":400,"column":4},"end":{"line":400,"column":16}},"164":{"start":{"line":402,"column":4},"end":{"line":402,"column":18}},"165":{"start":{"line":408,"column":0},"end":{"line":410,"column":2}},"166":{"start":{"line":409,"column":1},"end":{"line":409,"column":50}},"167":{"start":{"line":412,"column":0},"end":{"line":470,"column":2}},"168":{"start":{"line":413,"column":1},"end":{"line":413,"column":64}},"169":{"start":{"line":414,"column":1},"end":{"line":414,"column":58}},"170":{"start":{"line":415,"column":1},"end":{"line":424,"column":2}},"171":{"start":{"line":416,"column":2},"end":{"line":423,"column":3}},"172":{"start":{"line":418,"column":3},"end":{"line":418,"column":15}},"173":{"start":{"line":421,"column":3},"end":{"line":421,"column":23}},"174":{"start":{"line":422,"column":3},"end":{"line":422,"column":23}},"175":{"start":{"line":426,"column":1},"end":{"line":430,"column":2}},"176":{"start":{"line":427,"column":2},"end":{"line":429,"column":4}},"177":{"start":{"line":431,"column":1},"end":{"line":431,"column":16}},"178":{"start":{"line":432,"column":1},"end":{"line":438,"column":2}},"179":{"start":{"line":433,"column":2},"end":{"line":433,"column":28}},"180":{"start":{"line":436,"column":2},"end":{"line":436,"column":75}},"181":{"start":{"line":437,"column":2},"end":{"line":437,"column":128}},"182":{"start":{"line":440,"column":1},"end":{"line":440,"column":20}},"183":{"start":{"line":441,"column":1},"end":{"line":445,"column":3}},"184":{"start":{"line":447,"column":1},"end":{"line":468,"column":3}},"185":{"start":{"line":448,"column":2},"end":{"line":448,"column":48}},"186":{"start":{"line":450,"column":2},"end":{"line":450,"column":18}},"187":{"start":{"line":451,"column":2},"end":{"line":467,"column":5}},"188":{"start":{"line":452,"column":3},"end":{"line":466,"column":4}},"189":{"start":{"line":453,"column":4},"end":{"line":453,"column":128}},"190":{"start":{"line":455,"column":4},"end":{"line":462,"column":8}},"191":{"start":{"line":457,"column":6},"end":{"line":457,"column":53}},"192":{"start":{"line":458,"column":6},"end":{"line":458,"column":23}},"193":{"start":{"line":459,"column":6},"end":{"line":459,"column":34}},"194":{"start":{"line":461,"column":6},"end":{"line":461,"column":18}},"195":{"start":{"line":464,"column":4},"end":{"line":464,"column":54}},"196":{"start":{"line":465,"column":4},"end":{"line":465,"column":32}},"197":{"start":{"line":472,"column":0},"end":{"line":478,"column":2}},"198":{"start":{"line":477,"column":1},"end":{"line":477,"column":47}},"199":{"start":{"line":487,"column":0},"end":{"line":499,"column":2}},"200":{"start":{"line":488,"column":1},"end":{"line":488,"column":25}},"201":{"start":{"line":489,"column":1},"end":{"line":489,"column":91}},"202":{"start":{"line":490,"column":1},"end":{"line":497,"column":2}},"203":{"start":{"line":491,"column":2},"end":{"line":491,"column":34}},"204":{"start":{"line":492,"column":2},"end":{"line":496,"column":3}},"205":{"start":{"line":493,"column":3},"end":{"line":493,"column":21}},"206":{"start":{"line":494,"column":3},"end":{"line":494,"column":28}},"207":{"start":{"line":495,"column":3},"end":{"line":495,"column":31}},"208":{"start":{"line":498,"column":1},"end":{"line":498,"column":23}},"209":{"start":{"line":506,"column":0},"end":{"line":523,"column":2}},"210":{"start":{"line":507,"column":1},"end":{"line":507,"column":79}},"211":{"start":{"line":508,"column":1},"end":{"line":508,"column":32}},"212":{"start":{"line":509,"column":1},"end":{"line":511,"column":2}},"213":{"start":{"line":510,"column":2},"end":{"line":510,"column":79}},"214":{"start":{"line":514,"column":1},"end":{"line":514,"column":17}},"215":{"start":{"line":516,"column":1},"end":{"line":518,"column":4}},"216":{"start":{"line":517,"column":2},"end":{"line":517,"column":24}},"217":{"start":{"line":522,"column":1},"end":{"line":522,"column":34}},"218":{"start":{"line":531,"column":0},"end":{"line":548,"column":2}},"219":{"start":{"line":536,"column":1},"end":{"line":536,"column":53}},"220":{"start":{"line":538,"column":1},"end":{"line":541,"column":2}},"221":{"start":{"line":540,"column":2},"end":{"line":540,"column":72}},"222":{"start":{"line":542,"column":1},"end":{"line":542,"column":18}},"223":{"start":{"line":543,"column":1},"end":{"line":543,"column":16}},"224":{"start":{"line":546,"column":1},"end":{"line":546,"column":52}},"225":{"start":{"line":547,"column":1},"end":{"line":547,"column":12}},"226":{"start":{"line":557,"column":0},"end":{"line":578,"column":2}},"227":{"start":{"line":558,"column":1},"end":{"line":558,"column":12}},"228":{"start":{"line":559,"column":1},"end":{"line":575,"column":2}},"229":{"start":{"line":560,"column":2},"end":{"line":560,"column":17}},"230":{"start":{"line":561,"column":8},"end":{"line":575,"column":2}},"231":{"start":{"line":562,"column":2},"end":{"line":562,"column":33}},"232":{"start":{"line":565,"column":2},"end":{"line":572,"column":3}},"233":{"start":{"line":566,"column":3},"end":{"line":571,"column":4}},"234":{"start":{"line":570,"column":4},"end":{"line":570,"column":74}},"235":{"start":{"line":574,"column":2},"end":{"line":574,"column":48}},"236":{"start":{"line":577,"column":1},"end":{"line":577,"column":15}}},"branchMap":{"1":{"line":49,"type":"if","locations":[{"start":{"line":49,"column":1},"end":{"line":49,"column":1}},{"start":{"line":49,"column":1},"end":{"line":49,"column":1}}]},"2":{"line":49,"type":"binary-expr","locations":[{"start":{"line":49,"column":5},"end":{"line":49,"column":12}},{"start":{"line":49,"column":16},"end":{"line":49,"column":53}}]},"3":{"line":55,"type":"cond-expr","locations":[{"start":{"line":55,"column":19},"end":{"line":55,"column":60}},{"start":{"line":55,"column":63},"end":{"line":55,"column":109}}]},"4":{"line":64,"type":"if","locations":[{"start":{"line":64,"column":1},"end":{"line":64,"column":1}},{"start":{"line":64,"column":1},"end":{"line":64,"column":1}}]},"5":{"line":64,"type":"binary-expr","locations":[{"start":{"line":64,"column":5},"end":{"line":64,"column":12}},{"start":{"line":64,"column":16},"end":{"line":64,"column":31}},{"start":{"line":64,"column":35},"end":{"line":64,"column":62}},{"start":{"line":64,"column":66},"end":{"line":64,"column":101}}]},"6":{"line":69,"type":"if","locations":[{"start":{"line":69,"column":1},"end":{"line":69,"column":1}},{"start":{"line":69,"column":1},"end":{"line":69,"column":1}}]},"7":{"line":69,"type":"binary-expr","locations":[{"start":{"line":69,"column":5},"end":{"line":69,"column":12}},{"start":{"line":69,"column":16},"end":{"line":69,"column":33}},{"start":{"line":69,"column":37},"end":{"line":69,"column":64}},{"start":{"line":69,"column":68},"end":{"line":69,"column":105}}]},"8":{"line":74,"type":"if","locations":[{"start":{"line":74,"column":1},"end":{"line":74,"column":1}},{"start":{"line":74,"column":1},"end":{"line":74,"column":1}}]},"9":{"line":74,"type":"binary-expr","locations":[{"start":{"line":74,"column":5},"end":{"line":74,"column":12}},{"start":{"line":74,"column":16},"end":{"line":74,"column":28}},{"start":{"line":74,"column":32},"end":{"line":74,"column":59}},{"start":{"line":74,"column":63},"end":{"line":74,"column":95}}]},"10":{"line":82,"type":"if","locations":[{"start":{"line":82,"column":1},"end":{"line":82,"column":1}},{"start":{"line":82,"column":1},"end":{"line":82,"column":1}}]},"11":{"line":88,"type":"cond-expr","locations":[{"start":{"line":88,"column":43},"end":{"line":88,"column":47}},{"start":{"line":88,"column":50},"end":{"line":88,"column":57}}]},"12":{"line":123,"type":"if","locations":[{"start":{"line":123,"column":2},"end":{"line":123,"column":2}},{"start":{"line":123,"column":2},"end":{"line":123,"column":2}}]},"13":{"line":148,"type":"if","locations":[{"start":{"line":148,"column":5},"end":{"line":148,"column":5}},{"start":{"line":148,"column":5},"end":{"line":148,"column":5}}]},"14":{"line":160,"type":"if","locations":[{"start":{"line":160,"column":1},"end":{"line":160,"column":1}},{"start":{"line":160,"column":1},"end":{"line":160,"column":1}}]},"15":{"line":160,"type":"binary-expr","locations":[{"start":{"line":160,"column":5},"end":{"line":160,"column":15}},{"start":{"line":160,"column":19},"end":{"line":160,"column":36}}]},"16":{"line":168,"type":"if","locations":[{"start":{"line":168,"column":1},"end":{"line":168,"column":1}},{"start":{"line":168,"column":1},"end":{"line":168,"column":1}}]},"17":{"line":171,"type":"if","locations":[{"start":{"line":171,"column":3},"end":{"line":171,"column":3}},{"start":{"line":171,"column":3},"end":{"line":171,"column":3}}]},"18":{"line":177,"type":"if","locations":[{"start":{"line":177,"column":3},"end":{"line":177,"column":3}},{"start":{"line":177,"column":3},"end":{"line":177,"column":3}}]},"19":{"line":181,"type":"if","locations":[{"start":{"line":181,"column":5},"end":{"line":181,"column":5}},{"start":{"line":181,"column":5},"end":{"line":181,"column":5}}]},"20":{"line":185,"type":"if","locations":[{"start":{"line":185,"column":5},"end":{"line":185,"column":5}},{"start":{"line":185,"column":5},"end":{"line":185,"column":5}}]},"21":{"line":186,"type":"if","locations":[{"start":{"line":186,"column":6},"end":{"line":186,"column":6}},{"start":{"line":186,"column":6},"end":{"line":186,"column":6}}]},"22":{"line":190,"type":"if","locations":[{"start":{"line":190,"column":6},"end":{"line":190,"column":6}},{"start":{"line":190,"column":6},"end":{"line":190,"column":6}}]},"23":{"line":217,"type":"cond-expr","locations":[{"start":{"line":217,"column":154},"end":{"line":217,"column":163}},{"start":{"line":217,"column":166},"end":{"line":217,"column":169}}]},"24":{"line":256,"type":"if","locations":[{"start":{"line":256,"column":1},"end":{"line":256,"column":1}},{"start":{"line":256,"column":1},"end":{"line":256,"column":1}}]},"25":{"line":256,"type":"binary-expr","locations":[{"start":{"line":256,"column":4},"end":{"line":256,"column":14}},{"start":{"line":256,"column":18},"end":{"line":256,"column":35}}]},"26":{"line":260,"type":"if","locations":[{"start":{"line":260,"column":1},"end":{"line":260,"column":1}},{"start":{"line":260,"column":1},"end":{"line":260,"column":1}}]},"27":{"line":277,"type":"if","locations":[{"start":{"line":277,"column":1},"end":{"line":277,"column":1}},{"start":{"line":277,"column":1},"end":{"line":277,"column":1}}]},"28":{"line":313,"type":"if","locations":[{"start":{"line":313,"column":2},"end":{"line":313,"column":2}},{"start":{"line":313,"column":2},"end":{"line":313,"column":2}}]},"29":{"line":332,"type":"if","locations":[{"start":{"line":332,"column":2},"end":{"line":332,"column":2}},{"start":{"line":332,"column":2},"end":{"line":332,"column":2}}]},"30":{"line":337,"type":"if","locations":[{"start":{"line":337,"column":1},"end":{"line":337,"column":1}},{"start":{"line":337,"column":1},"end":{"line":337,"column":1}}]},"31":{"line":360,"type":"if","locations":[{"start":{"line":360,"column":1},"end":{"line":360,"column":1}},{"start":{"line":360,"column":1},"end":{"line":360,"column":1}}]},"32":{"line":361,"type":"if","locations":[{"start":{"line":361,"column":2},"end":{"line":361,"column":2}},{"start":{"line":361,"column":2},"end":{"line":361,"column":2}}]},"33":{"line":379,"type":"if","locations":[{"start":{"line":379,"column":3},"end":{"line":379,"column":3}},{"start":{"line":379,"column":3},"end":{"line":379,"column":3}}]},"34":{"line":379,"type":"binary-expr","locations":[{"start":{"line":379,"column":7},"end":{"line":379,"column":26}},{"start":{"line":379,"column":30},"end":{"line":379,"column":56}}]},"35":{"line":386,"type":"if","locations":[{"start":{"line":386,"column":1},"end":{"line":386,"column":1}},{"start":{"line":386,"column":1},"end":{"line":386,"column":1}}]},"36":{"line":389,"type":"if","locations":[{"start":{"line":389,"column":1},"end":{"line":389,"column":1}},{"start":{"line":389,"column":1},"end":{"line":389,"column":1}}]},"37":{"line":399,"type":"if","locations":[{"start":{"line":399,"column":3},"end":{"line":399,"column":3}},{"start":{"line":399,"column":3},"end":{"line":399,"column":3}}]},"38":{"line":415,"type":"if","locations":[{"start":{"line":415,"column":1},"end":{"line":415,"column":1}},{"start":{"line":415,"column":1},"end":{"line":415,"column":1}}]},"39":{"line":415,"type":"binary-expr","locations":[{"start":{"line":415,"column":5},"end":{"line":415,"column":17}},{"start":{"line":415,"column":21},"end":{"line":415,"column":48}}]},"40":{"line":416,"type":"if","locations":[{"start":{"line":416,"column":2},"end":{"line":416,"column":2}},{"start":{"line":416,"column":2},"end":{"line":416,"column":2}}]},"41":{"line":426,"type":"if","locations":[{"start":{"line":426,"column":1},"end":{"line":426,"column":1}},{"start":{"line":426,"column":1},"end":{"line":426,"column":1}}]},"42":{"line":426,"type":"binary-expr","locations":[{"start":{"line":426,"column":5},"end":{"line":426,"column":32}},{"start":{"line":426,"column":36},"end":{"line":426,"column":49}}]},"43":{"line":432,"type":"if","locations":[{"start":{"line":432,"column":1},"end":{"line":432,"column":1}},{"start":{"line":432,"column":1},"end":{"line":432,"column":1}}]},"44":{"line":432,"type":"binary-expr","locations":[{"start":{"line":432,"column":5},"end":{"line":432,"column":40}},{"start":{"line":432,"column":44},"end":{"line":432,"column":65}}]},"45":{"line":452,"type":"if","locations":[{"start":{"line":452,"column":3},"end":{"line":452,"column":3}},{"start":{"line":452,"column":3},"end":{"line":452,"column":3}}]},"46":{"line":490,"type":"if","locations":[{"start":{"line":490,"column":1},"end":{"line":490,"column":1}},{"start":{"line":490,"column":1},"end":{"line":490,"column":1}}]},"47":{"line":509,"type":"if","locations":[{"start":{"line":509,"column":1},"end":{"line":509,"column":1}},{"start":{"line":509,"column":1},"end":{"line":509,"column":1}}]},"48":{"line":509,"type":"binary-expr","locations":[{"start":{"line":509,"column":5},"end":{"line":509,"column":13}},{"start":{"line":509,"column":17},"end":{"line":509,"column":37}}]},"49":{"line":538,"type":"if","locations":[{"start":{"line":538,"column":1},"end":{"line":538,"column":1}},{"start":{"line":538,"column":1},"end":{"line":538,"column":1}}]},"50":{"line":538,"type":"binary-expr","locations":[{"start":{"line":538,"column":7},"end":{"line":538,"column":56}},{"start":{"line":539,"column":2},"end":{"line":539,"column":67}}]},"51":{"line":559,"type":"if","locations":[{"start":{"line":559,"column":1},"end":{"line":559,"column":1}},{"start":{"line":559,"column":1},"end":{"line":559,"column":1}}]},"52":{"line":561,"type":"if","locations":[{"start":{"line":561,"column":8},"end":{"line":561,"column":8}},{"start":{"line":561,"column":8},"end":{"line":561,"column":8}}]},"53":{"line":561,"type":"binary-expr","locations":[{"start":{"line":561,"column":11},"end":{"line":561,"column":39}},{"start":{"line":561,"column":43},"end":{"line":561,"column":56}}]},"54":{"line":565,"type":"if","locations":[{"start":{"line":565,"column":2},"end":{"line":565,"column":2}},{"start":{"line":565,"column":2},"end":{"line":565,"column":2}}]},"55":{"line":566,"type":"if","locations":[{"start":{"line":566,"column":3},"end":{"line":566,"column":3}},{"start":{"line":566,"column":3},"end":{"line":566,"column":3}}]},"56":{"line":566,"type":"binary-expr","locations":[{"start":{"line":566,"column":6},"end":{"line":566,"column":29}},{"start":{"line":566,"column":33},"end":{"line":566,"column":46}}]}},"l":{"19":1,"20":1,"21":1,"22":1,"23":1,"24":1,"25":1,"27":1,"28":1,"45":1,"46":0,"48":0,"49":0,"50":0,"52":0,"55":0,"64":0,"65":0,"67":0,"69":0,"70":0,"72":0,"74":0,"75":0,"77":0,"80":0,"82":0,"83":0,"85":0,"88":0,"91":0,"95":1,"97":0,"98":0,"99":0,"102":1,"121":1,"122":1,"123":0,"124":0,"126":0,"132":1,"133":0,"140":1,"141":1,"143":1,"144":4,"146":4,"147":4,"148":6,"149":6,"152":6,"157":1,"160":1,"161":1,"165":0,"167":0,"168":0,"169":0,"170":0,"171":0,"172":0,"175":0,"177":0,"178":0,"180":0,"181":0,"182":0,"185":0,"186":0,"187":0,"190":0,"191":0,"197":0,"208":0,"209":0,"210":0,"211":0,"215":0,"216":0,"217":0,"218":0,"222":0,"223":0,"224":0,"225":0,"231":1,"232":0,"233":0,"239":1,"240":0,"241":0,"247":1,"248":0,"249":0,"255":1,"256":0,"257":0,"259":0,"260":0,"261":0,"263":0,"266":0,"270":1,"275":1,"276":0,"277":0,"279":0,"282":0,"288":1,"289":0,"295":1,"296":0,"308":1,"309":0,"312":0,"313":0,"314":0,"316":0,"317":0,"319":0,"327":1,"328":0,"330":0,"331":0,"332":0,"333":0,"334":0,"337":0,"338":0,"340":0,"343":1,"344":0,"348":1,"349":0,"350":0,"351":0,"352":0,"354":0,"359":1,"360":0,"361":0,"364":0,"367":0,"370":0,"371":0,"374":1,"375":0,"376":0,"377":0,"379":0,"380":0,"384":1,"386":0,"387":0,"389":0,"390":0,"392":0,"396":1,"397":0,"398":0,"399":0,"400":0,"402":0,"408":1,"409":0,"412":1,"413":0,"414":0,"415":0,"416":0,"418":0,"421":0,"422":0,"426":0,"427":0,"431":0,"432":0,"433":0,"436":0,"437":0,"440":0,"441":0,"447":0,"448":0,"450":0,"451":0,"452":0,"453":0,"455":0,"457":0,"458":0,"459":0,"461":0,"464":0,"465":0,"472":1,"477":0,"487":1,"488":0,"489":0,"490":0,"491":0,"492":0,"493":0,"494":0,"495":0,"498":0,"506":1,"507":0,"508":0,"509":0,"510":0,"514":0,"516":0,"517":0,"522":0,"531":1,"536":0,"538":0,"540":0,"542":0,"543":0,"546":0,"547":0,"557":1,"558":0,"559":0,"560":0,"561":0,"562":0,"565":0,"566":0,"570":0,"574":0,"577":0}},
"/home/vickywang/Blockchain/Hyperledger1.1.0/fabric-sdk-node/fabric-client/lib/Config.js":{"path":"/home/vickywang/Blockchain/Hyperledger1.1.0/fabric-sdk-node/fabric-client/lib/Config.js","s":{"1":1,"2":1,"3":1,"4":0,"5":0,"6":0,"7":0,"8":0,"9":0,"10":0,"11":0,"12":0,"13":0,"14":0,"15":0,"16":0,"17":0,"18":0,"19":0,"20":0,"21":0,"22":0,"23":0,"24":0,"25":0,"26":0,"27":0,"28":0,"29":0,"30":0,"31":0,"32":0,"33":0,"34":0,"35":1},"b":{"1":[0,0],"2":[0,0],"3":[0,0],"4":[0,0]},"f":{"1":0,"2":0,"3":0,"4":0,"5":0,"6":0},"fnMap":{"1":{"name":"(anonymous_1)","line":28,"loc":{"start":{"line":28,"column":12},"end":{"line":28,"column":15}}},"2":{"name":"(anonymous_2)","line":43,"loc":{"start":{"line":43,"column":12},"end":{"line":43,"column":30}}},"3":{"name":"(anonymous_3)","line":57,"loc":{"start":{"line":57,"column":18},"end":{"line":57,"column":33}}},"4":{"name":"(anonymous_4)","line":81,"loc":{"start":{"line":81,"column":5},"end":{"line":81,"column":12}}},"5":{"name":"(anonymous_5)","line":93,"loc":{"start":{"line":93,"column":4},"end":{"line":93,"column":26}}},"6":{"name":"(anonymous_6)","line":113,"loc":{"start":{"line":113,"column":4},"end":{"line":113,"column":18}}}},"statementMap":{"1":{"start":{"line":19,"column":0},"end":{"line":19,"column":29}},"2":{"start":{"line":20,"column":0},"end":{"line":20,"column":28}},"3":{"start":{"line":26,"column":0},"end":{"line":117,"column":2}},"4":{"start":{"line":29,"column":2},"end":{"line":29,"column":22}},"5":{"start":{"line":30,"column":2},"end":{"line":30,"column":15}},"6":{"start":{"line":31,"column":2},"end":{"line":31,"column":14}},"7":{"start":{"line":32,"column":2},"end":{"line":32,"column":39}},"8":{"start":{"line":33,"column":2},"end":{"line":33,"column":56}},"9":{"start":{"line":34,"column":2},"end":{"line":34,"column":24}},"10":{"start":{"line":36,"column":2},"end":{"line":36,"column":23}},"11":{"start":{"line":44,"column":2},"end":{"line":49,"column":3}},"12":{"start":{"line":45,"column":3},"end":{"line":45,"column":29}},"13":{"start":{"line":46,"column":3},"end":{"line":46,"column":27}},"14":{"start":{"line":47,"column":3},"end":{"line":47,"column":32}},"15":{"start":{"line":48,"column":3},"end":{"line":48,"column":24}},"16":{"start":{"line":59,"column":2},"end":{"line":61,"column":3}},"17":{"start":{"line":60,"column":3},"end":{"line":60,"column":44}},"18":{"start":{"line":63,"column":2},"end":{"line":69,"column":3}},"19":{"start":{"line":65,"column":3},"end":{"line":65,"column":31}},"20":{"start":{"line":68,"column":3},"end":{"line":68,"column":34}},"21":{"start":{"line":72,"column":2},"end":{"line":75,"column":3}},"22":{"start":{"line":73,"column":3},"end":{"line":73,"column":34}},"23":{"start":{"line":74,"column":3},"end":{"line":74,"column":33}},"24":{"start":{"line":82,"column":2},"end":{"line":84,"column":3}},"25":{"start":{"line":83,"column":3},"end":{"line":83,"column":60}},"26":{"start":{"line":86,"column":2},"end":{"line":86,"column":31}},"27":{"start":{"line":94,"column":2},"end":{"line":94,"column":26}},"28":{"start":{"line":96,"column":2},"end":{"line":101,"column":3}},"29":{"start":{"line":97,"column":3},"end":{"line":97,"column":41}},"30":{"start":{"line":100,"column":3},"end":{"line":100,"column":32}},"31":{"start":{"line":103,"column":2},"end":{"line":105,"column":3}},"32":{"start":{"line":104,"column":3},"end":{"line":104,"column":32}},"33":{"start":{"line":107,"column":2},"end":{"line":107,"column":22}},"34":{"start":{"line":114,"column":2},"end":{"line":114,"column":31}},"35":{"start":{"line":119,"column":0},"end":{"line":119,"column":24}}},"branchMap":{"1":{"line":63,"type":"if","locations":[{"start":{"line":63,"column":2},"end":{"line":63,"column":2}},{"start":{"line":63,"column":2},"end":{"line":63,"column":2}}]},"2":{"line":82,"type":"if","locations":[{"start":{"line":82,"column":2},"end":{"line":82,"column":2}},{"start":{"line":82,"column":2},"end":{"line":82,"column":2}}]},"3":{"line":103,"type":"if","locations":[{"start":{"line":103,"column":2},"end":{"line":103,"column":2}},{"start":{"line":103,"column":2},"end":{"line":103,"column":2}}]},"4":{"line":103,"type":"binary-expr","locations":[{"start":{"line":103,"column":5},"end":{"line":103,"column":26}},{"start":{"line":103,"column":30},"end":{"line":103,"column":56}}]}},"l":{"19":1,"20":1,"26":1,"29":0,"30":0,"31":0,"32":0,"33":0,"34":0,"36":0,"44":0,"45":0,"46":0,"47":0,"48":0,"59":0,"60":0,"63":0,"65":0,"68":0,"72":0,"73":0,"74":0,"82":0,"83":0,"86":0,"94":0,"96":0,"97":0,"100":0,"103":0,"104":0,"107":0,"114":0,"119":1}}}
