TN:
SF:/home/vickywang/Blockchain/Hyperledger1.1.0/fabric-sdk-node/fabric-client/lib/hash.js
FN:26,(anonymous_1)
FN:30,(anonymous_2)
FN:33,(anonymous_3)
FN:36,(anonymous_4)
FN:41,(anonymous_5)
FN:45,(anonymous_6)
FN:49,(anonymous_7)
FN:53,(anonymous_8)
FN:60,(anonymous_9)
FN:64,(anonymous_10)
FN:68,(anonymous_11)
FN:75,(anonymous_12)
FN:78,(anonymous_13)
FN:82,(anonymous_14)
FN:86,(anonymous_15)
FN:94,(anonymous_16)
FN:97,(anonymous_17)
FN:101,(anonymous_18)
FN:105,(anonymous_19)
FNF:19
FNH:18
FNDA:6,(anonymous_1)
FNDA:6,(anonymous_2)
FNDA:18,(anonymous_3)
FNDA:6,(anonymous_4)
FNDA:0,(anonymous_5)
FNDA:2,(anonymous_6)
FNDA:6,(anonymous_7)
FNDA:2,(anonymous_8)
FNDA:2,(anonymous_9)
FNDA:6,(anonymous_10)
FNDA:2,(anonymous_11)
FNDA:1,(anonymous_12)
FNDA:1,(anonymous_13)
FNDA:3,(anonymous_14)
FNDA:1,(anonymous_15)
FNDA:1,(anonymous_16)
FNDA:1,(anonymous_17)
FNDA:3,(anonymous_18)
FNDA:1,(anonymous_19)
DA:20,1
DA:21,1
DA:22,1
DA:23,1
DA:27,6
DA:31,6
DA:34,18
DA:37,6
DA:38,6
DA:39,6
DA:46,2
DA:47,2
DA:50,6
DA:51,6
DA:54,2
DA:55,2
DA:56,2
DA:61,2
DA:62,2
DA:65,6
DA:66,6
DA:69,2
DA:70,2
DA:71,2
DA:76,1
DA:79,1
DA:80,1
DA:83,3
DA:84,3
DA:87,1
DA:88,1
DA:89,1
DA:95,1
DA:98,1
DA:99,1
DA:102,3
DA:103,3
DA:106,1
DA:107,1
DA:108,1
DA:112,1
DA:113,1
DA:114,1
DA:115,1
DA:116,1
DA:117,1
DA:119,1
DA:120,1
DA:121,1
DA:123,1
DA:124,1
LF:51
LH:51
BRF:0
BRH:0
end_of_record
TN:
SF:/home/vickywang/Blockchain/Hyperledger1.1.0/fabric-sdk-node/fabric-client/lib/utils.js
FN:45,(anonymous_1)
FN:95,(anonymous_2)
FN:121,(anonymous_3)
FN:122,(anonymous_4)
FN:132,(anonymous_5)
FN:140,(anonymous_6)
FN:143,(anonymous_7)
FN:146,(anonymous_8)
FN:147,(anonymous_9)
FN:231,(anonymous_10)
FN:239,(anonymous_11)
FN:247,(anonymous_12)
FN:255,(anonymous_13)
FN:275,(anonymous_14)
FN:288,(anonymous_15)
FN:295,(anonymous_16)
FN:308,(anonymous_17)
FN:327,(anonymous_18)
FN:343,(anonymous_19)
FN:348,(anonymous_20)
FN:359,(anonymous_21)
FN:374,(anonymous_22)
FN:378,(anonymous_23)
FN:384,(anonymous_24)
FN:396,(anonymous_25)
FN:397,(anonymous_26)
FN:398,(anonymous_27)
FN:408,(anonymous_28)
FN:412,(anonymous_29)
FN:447,(anonymous_30)
FN:472,(anonymous_31)
FN:487,(anonymous_32)
FN:506,(anonymous_33)
FN:531,(anonymous_34)
FN:557,(anonymous_35)
FNF:35
FNH:5
FNDA:0,(anonymous_1)
FNDA:0,(anonymous_2)
FNDA:1,(anonymous_3)
FNDA:0,(anonymous_4)
FNDA:0,(anonymous_5)
FNDA:1,(anonymous_6)
FNDA:4,(anonymous_7)
FNDA:4,(anonymous_8)
FNDA:6,(anonymous_9)
FNDA:0,(anonymous_10)
FNDA:0,(anonymous_11)
FNDA:0,(anonymous_12)
FNDA:0,(anonymous_13)
FNDA:0,(anonymous_14)
FNDA:0,(anonymous_15)
FNDA:0,(anonymous_16)
FNDA:0,(anonymous_17)
FNDA:0,(anonymous_18)
FNDA:0,(anonymous_19)
FNDA:0,(anonymous_20)
FNDA:0,(anonymous_21)
FNDA:0,(anonymous_22)
FNDA:0,(anonymous_23)
FNDA:0,(anonymous_24)
FNDA:0,(anonymous_25)
FNDA:0,(anonymous_26)
FNDA:0,(anonymous_27)
FNDA:0,(anonymous_28)
FNDA:0,(anonymous_29)
FNDA:0,(anonymous_30)
FNDA:0,(anonymous_31)
FNDA:0,(anonymous_32)
FNDA:0,(anonymous_33)
FNDA:0,(anonymous_34)
FNDA:0,(anonymous_35)
DA:19,1
DA:20,1
DA:21,1
DA:22,1
DA:23,1
DA:24,1
DA:25,1
DA:27,1
DA:28,1
DA:45,1
DA:46,0
DA:48,0
DA:49,0
DA:50,0
DA:52,0
DA:55,0
DA:64,0
DA:65,0
DA:67,0
DA:69,0
DA:70,0
DA:72,0
DA:74,0
DA:75,0
DA:77,0
DA:80,0
DA:82,0
DA:83,0
DA:85,0
DA:88,0
DA:91,0
DA:95,1
DA:97,0
DA:98,0
DA:99,0
DA:102,1
DA:121,1
DA:122,1
DA:123,0
DA:124,0
DA:126,0
DA:132,1
DA:133,0
DA:140,1
DA:141,1
DA:143,1
DA:144,4
DA:146,4
DA:147,4
DA:148,6
DA:149,6
DA:152,6
DA:157,1
DA:160,1
DA:161,1
DA:165,0
DA:167,0
DA:168,0
DA:169,0
DA:170,0
DA:171,0
DA:172,0
DA:175,0
DA:177,0
DA:178,0
DA:180,0
DA:181,0
DA:182,0
DA:185,0
DA:186,0
DA:187,0
DA:190,0
DA:191,0
DA:197,0
DA:208,0
DA:209,0
DA:210,0
DA:211,0
DA:215,0
DA:216,0
DA:217,0
DA:218,0
DA:222,0
DA:223,0
DA:224,0
DA:225,0
DA:231,1
DA:232,0
DA:233,0
DA:239,1
DA:240,0
DA:241,0
DA:247,1
DA:248,0
DA:249,0
DA:255,1
DA:256,0
DA:257,0
DA:259,0
DA:260,0
DA:261,0
DA:263,0
DA:266,0
DA:270,1
DA:275,1
DA:276,0
DA:277,0
DA:279,0
DA:282,0
DA:288,1
DA:289,0
DA:295,1
DA:296,0
DA:308,1
DA:309,0
DA:312,0
DA:313,0
DA:314,0
DA:316,0
DA:317,0
DA:319,0
DA:327,1
DA:328,0
DA:330,0
DA:331,0
DA:332,0
DA:333,0
DA:334,0
DA:337,0
DA:338,0
DA:340,0
DA:343,1
DA:344,0
DA:348,1
DA:349,0
DA:350,0
DA:351,0
DA:352,0
DA:354,0
DA:359,1
DA:360,0
DA:361,0
DA:364,0
DA:367,0
DA:370,0
DA:371,0
DA:374,1
DA:375,0
DA:376,0
DA:377,0
DA:379,0
DA:380,0
DA:384,1
DA:386,0
DA:387,0
DA:389,0
DA:390,0
DA:392,0
DA:396,1
DA:397,0
DA:398,0
DA:399,0
DA:400,0
DA:402,0
DA:408,1
DA:409,0
DA:412,1
DA:413,0
DA:414,0
DA:415,0
DA:416,0
DA:418,0
DA:421,0
DA:422,0
DA:426,0
DA:427,0
DA:431,0
DA:432,0
DA:433,0
DA:436,0
DA:437,0
DA:440,0
DA:441,0
DA:447,0
DA:448,0
DA:450,0
DA:451,0
DA:452,0
DA:453,0
DA:455,0
DA:457,0
DA:458,0
DA:459,0
DA:461,0
DA:464,0
DA:465,0
DA:472,1
DA:477,0
DA:487,1
DA:488,0
DA:489,0
DA:490,0
DA:491,0
DA:492,0
DA:493,0
DA:494,0
DA:495,0
DA:498,0
DA:506,1
DA:507,0
DA:508,0
DA:509,0
DA:510,0
DA:514,0
DA:516,0
DA:517,0
DA:522,0
DA:531,1
DA:536,0
DA:538,0
DA:540,0
DA:542,0
DA:543,0
DA:546,0
DA:547,0
DA:557,1
DA:558,0
DA:559,0
DA:560,0
DA:561,0
DA:562,0
DA:565,0
DA:566,0
DA:570,0
DA:574,0
DA:577,0
LF:236
LH:50
BRDA:49,1,0,0
BRDA:49,1,1,0
BRDA:49,2,0,0
BRDA:49,2,1,0
BRDA:55,3,0,0
BRDA:55,3,1,0
BRDA:64,4,0,0
BRDA:64,4,1,0
BRDA:64,5,0,0
BRDA:64,5,1,0
BRDA:64,5,2,0
BRDA:64,5,3,0
BRDA:69,6,0,0
BRDA:69,6,1,0
BRDA:69,7,0,0
BRDA:69,7,1,0
BRDA:69,7,2,0
BRDA:69,7,3,0
BRDA:74,8,0,0
BRDA:74,8,1,0
BRDA:74,9,0,0
BRDA:74,9,1,0
BRDA:74,9,2,0
BRDA:74,9,3,0
BRDA:82,10,0,0
BRDA:82,10,1,0
BRDA:88,11,0,0
BRDA:88,11,1,0
BRDA:123,12,0,0
BRDA:123,12,1,0
BRDA:148,13,0,6
BRDA:148,13,1,0
BRDA:160,14,0,1
BRDA:160,14,1,0
BRDA:160,15,0,1
BRDA:160,15,1,1
BRDA:168,16,0,0
BRDA:168,16,1,0
BRDA:171,17,0,0
BRDA:171,17,1,0
BRDA:177,18,0,0
BRDA:177,18,1,0
BRDA:181,19,0,0
BRDA:181,19,1,0
BRDA:185,20,0,0
BRDA:185,20,1,0
BRDA:186,21,0,0
BRDA:186,21,1,0
BRDA:190,22,0,0
BRDA:190,22,1,0
BRDA:217,23,0,0
BRDA:217,23,1,0
BRDA:256,24,0,0
BRDA:256,24,1,0
BRDA:256,25,0,0
BRDA:256,25,1,0
BRDA:260,26,0,0
BRDA:260,26,1,0
BRDA:277,27,0,0
BRDA:277,27,1,0
BRDA:313,28,0,0
BRDA:313,28,1,0
BRDA:332,29,0,0
BRDA:332,29,1,0
BRDA:337,30,0,0
BRDA:337,30,1,0
BRDA:360,31,0,0
BRDA:360,31,1,0
BRDA:361,32,0,0
BRDA:361,32,1,0
BRDA:379,33,0,0
BRDA:379,33,1,0
BRDA:379,34,0,0
BRDA:379,34,1,0
BRDA:386,35,0,0
BRDA:386,35,1,0
BRDA:389,36,0,0
BRDA:389,36,1,0
BRDA:399,37,0,0
BRDA:399,37,1,0
BRDA:415,38,0,0
BRDA:415,38,1,0
BRDA:415,39,0,0
BRDA:415,39,1,0
BRDA:416,40,0,0
BRDA:416,40,1,0
BRDA:426,41,0,0
BRDA:426,41,1,0
BRDA:426,42,0,0
BRDA:426,42,1,0
BRDA:432,43,0,0
BRDA:432,43,1,0
BRDA:432,44,0,0
BRDA:432,44,1,0
BRDA:452,45,0,0
BRDA:452,45,1,0
BRDA:490,46,0,0
BRDA:490,46,1,0
BRDA:509,47,0,0
BRDA:509,47,1,0
BRDA:509,48,0,0
BRDA:509,48,1,0
BRDA:538,49,0,0
BRDA:538,49,1,0
BRDA:538,50,0,0
BRDA:538,50,1,0
BRDA:559,51,0,0
BRDA:559,51,1,0
BRDA:561,52,0,0
BRDA:561,52,1,0
BRDA:561,53,0,0
BRDA:561,53,1,0
BRDA:565,54,0,0
BRDA:565,54,1,0
BRDA:566,55,0,0
BRDA:566,55,1,0
BRDA:566,56,0,0
BRDA:566,56,1,0
BRF:118
BRH:4
end_of_record
TN:
SF:/home/vickywang/Blockchain/Hyperledger1.1.0/fabric-sdk-node/fabric-client/lib/Config.js
FN:28,(anonymous_1)
FN:43,(anonymous_2)
FN:57,(anonymous_3)
FN:81,(anonymous_4)
FN:93,(anonymous_5)
FN:113,(anonymous_6)
FNF:6
FNH:0
FNDA:0,(anonymous_1)
FNDA:0,(anonymous_2)
FNDA:0,(anonymous_3)
FNDA:0,(anonymous_4)
FNDA:0,(anonymous_5)
FNDA:0,(anonymous_6)
DA:19,1
DA:20,1
DA:26,1
DA:29,0
DA:30,0
DA:31,0
DA:32,0
DA:33,0
DA:34,0
DA:36,0
DA:44,0
DA:45,0
DA:46,0
DA:47,0
DA:48,0
DA:59,0
DA:60,0
DA:63,0
DA:65,0
DA:68,0
DA:72,0
DA:73,0
DA:74,0
DA:82,0
DA:83,0
DA:86,0
DA:94,0
DA:96,0
DA:97,0
DA:100,0
DA:103,0
DA:104,0
DA:107,0
DA:114,0
DA:119,1
LF:35
LH:4
BRDA:63,1,0,0
BRDA:63,1,1,0
BRDA:82,2,0,0
BRDA:82,2,1,0
BRDA:103,3,0,0
BRDA:103,3,1,0
BRDA:103,4,0,0
BRDA:103,4,1,0
BRF:8
BRH:0
end_of_record
